<?xml version="1.0" encoding="UTF-8"?>
<testsuite xmlns:xsi="http://www.w3.org/2001/XMLSchema-instance" xsi:noNamespaceSchemaLocation="https://maven.apache.org/surefire/maven-surefire-plugin/xsd/surefire-test-report-3.0.xsd" version="3.0" name="com.freemanpivo.insurancechallenge.InsurancechallengeApplicationTests" time="1.762" tests="1" errors="0" skipped="0" failures="0">
  <properties>
[...]
</properties>
  <testcase name="contextLoads" classname="com.freemanpivo.insurancechallenge.InsurancechallengeApplicationTests" time="0.46">
    <system-out><![CDATA[18:09:36.256 [main] INFO org.springframework.test.context.support.AnnotationConfigContextLoaderUtils -- Could not detect default configuration classes for test class [com.freemanpivo.insurancechallenge.InsurancechallengeApplicationTests]: InsurancechallengeApplicationTests does not declare any static, non-private, non-final, nested classes annotated with @Configuration.
18:09:36.303 [main] INFO org.springframework.boot.test.context.SpringBootTestContextBootstrapper -- Found @SpringBootConfiguration com.freemanpivo.insurancechallenge.InsurancechallengeApplication for test class com.freemanpivo.insurancechallenge.InsurancechallengeApplicationTests
&amp#27;[30m2024-04-27 18:09:36,574&amp#27;[0;39m[&amp#27;[36mproduct-service&amp#27;[0;39m]&amp#27;[34mINFO &amp#27;[0;39m[&amp#27;[35mrequestId=&amp#27;[0;39m]&amp#27;[33mStartupInfoLogger&amp#27;[0;39m: Starting InsurancechallengeApplicationTests using Java 17.0.8 with PID 8958 (started by freemanpivo in /home/freemanpivo/git/insurancechallenge/app)
&amp#27;[30m2024-04-27 18:09:36,580&amp#27;[0;39m[&amp#27;[36mproduct-service&amp#27;[0;39m]&amp#27;[34mINFO &amp#27;[0;39m[&amp#27;[35mrequestId=&amp#27;[0;39m]&amp#27;[33mSpringApplication&amp#27;[0;39m: No active profile set, falling back to 1 default profile: "default"
&amp#27;[30m2024-04-27 18:09:37,407&amp#27;[0;39m[&amp#27;[36mproduct-service&amp#27;[0;39m]&amp#27;[34mINFO &amp#27;[0;39m[&amp#27;[35mrequestId=&amp#27;[0;39m]&amp#27;[33mEndpointLinksResolver&amp#27;[0;39m: Exposing 1 endpoint beneath base path '/actuator'
&amp#27;[30m2024-04-27 18:09:37,443&amp#27;[0;39m[&amp#27;[36mproduct-service&amp#27;[0;39m]&amp#27;[34mINFO &amp#27;[0;39m[&amp#27;[35mrequestId=&amp#27;[0;39m]&amp#27;[33mStartupInfoLogger&amp#27;[0;39m: Started InsurancechallengeApplicationTests in 1.079 seconds (process running for 1.546)
]]></system-out>
  </testcase>
</testsuite>